paradoxe-4.rennes.grid5000.fr
paradoxe-8.rennes.grid5000.fr
paradoxe-6.rennes.grid5000.fr
paradoxe-5.rennes.grid5000.fr
paradoxe-9.rennes.grid5000.fr
/// results ///
Running with n=28, C0=(92ef35f6, 57294208) and C1=(7a8a06d1, ba080704)
Number of processes: 1
Compression level: 0 (1 rounds)
Global dictionary size: 3.6GB (3.6GB per process)
Total buffer size: 4.8MB (4.8MB per process)
Solution found: (f3662fd, d62c4dc) [checked OK]
Average buffer occupancy: 99.99%
Processing time: 133.51s
Communication time: 0.00s
Fill time: 31.73s
Probe time: 101.47s
>>>28,1,0,133.508419752121,0.000388145447,31.727552890778,101.467395067215,99.987464479619
Running with n=28, C0=(92ef35f6, 57294208) and C1=(7a8a06d1, ba080704)
Number of processes: 2
Compression level: 0 (1 rounds)
Global dictionary size: 3.6GB (1.8GB per process)
Total buffer size: 9.7MB (4.8MB per process)
Solution found: (f3662fd, d62c4dc) [checked OK]
Average buffer occupancy: 99.65%
Processing time: 67.10s
Communication time: 0.56s
Fill time: 16.29s
Probe time: 51.19s
>>>28,2,0,67.100176095963,0.564462900162,16.287769079208,51.189914941788,99.651183769486
Running with n=28, C0=(92ef35f6, 57294208) and C1=(7a8a06d1, ba080704)
Number of processes: 4
Compression level: 0 (1 rounds)
Global dictionary size: 3.6GB (906.0MB per process)
Total buffer size: 19.3MB (4.8MB per process)
Solution found: (f3662fd, d62c4dc) [checked OK]
Average buffer occupancy: 99.21%
Processing time: 33.54s
Communication time: 0.91s
Fill time: 8.47s
Probe time: 25.89s
>>>28,4,0,33.544994115829,0.907498836517,8.465531110764,25.894101858139,99.205655400521
Running with n=28, C0=(92ef35f6, 57294208) and C1=(7a8a06d1, ba080704)
Number of processes: 8
Compression level: 0 (1 rounds)
Global dictionary size: 3.6GB (453.0MB per process)
Total buffer size: 38.7MB (4.8MB per process)
Average buffer occupancy: 99.21%
Processing time: 17.13s
Communication time: 0.61s
Fill time: 4.41s
Probe time: 13.27s
>>>28,8,0,17.128832817078,0.605946302414,4.407891988754,13.271180152893,99.205655400521
Solution found: (f3662fd, d62c4dc) [checked OK]
Running with n=28, C0=(92ef35f6, 57294208) and C1=(7a8a06d1, ba080704)
Number of processes: 16
Compression level: 0 (1 rounds)
Global dictionary size: 3.6GB (226.5MB per process)
Total buffer size: 77.3MB (4.8MB per process)
Solution found: (f3662fd, d62c4dc) [checked OK]
Average buffer occupancy: 97.46%
Processing time: 8.93s
Communication time: 0.38s
Fill time: 2.36s
Probe time: 6.90s
>>>28,16,0,8.928782224655,0.377569913864,2.364627122879,6.900569915771,97.462623446032
Running with n=28, C0=(92ef35f6, 57294208) and C1=(7a8a06d1, ba080704)
Number of processes: 32
Compression level: 0 (1 rounds)
Global dictionary size: 3.6GB (113.2MB per process)
Total buffer size: 154.6MB (4.8MB per process)
Average buffer occupancy: 95.78%
Processing time: 4.95s
Communication time: 0.24s
Fill time: 1.35s
Probe time: 3.80s
>>>28,32,0,4.945154190063,0.240881681442,1.347455024719,3.803985834122,95.777159100043
Solution found: (f3662fd, d62c4dc) [checked OK]
Running with n=28, C0=(92ef35f6, 57294208) and C1=(7a8a06d1, ba080704)
Number of processes: 64
Compression level: 0 (1 rounds)
Global dictionary size: 3.6GB (56.6MB per process)
Total buffer size: 309.3MB (4.8MB per process)
Solution found: (f3662fd, d62c4dc) [checked OK]
Average buffer occupancy: 92.58%
Processing time: 3.14s
Communication time: 0.76s
Fill time: 1.22s
Probe time: 2.66s
>>>28,64,0,3.142203807831,0.760014057159,1.218960046768,2.655086040497,92.584587130042
Running with n=28, C0=(92ef35f6, 57294208) and C1=(7a8a06d1, ba080704)
Number of processes: 128
Compression level: 0 (1 rounds)
Global dictionary size: 3.6GB (28.3MB per process)
Total buffer size: 618.7MB (4.8MB per process)
Solution found: (f3662fd, d62c4dc) [checked OK]
Average buffer occupancy: 86.78%
Processing time: 1.98s
Communication time: 1.53s
Fill time: 1.70s
Probe time: 1.79s
>>>28,128,0,1.976133584976,1.528567314148,1.699588060379,1.792518854141,86.779661016949
Running with n=28, C0=(92ef35f6, 57294208) and C1=(7a8a06d1, ba080704)
Number of processes: 256
Compression level: 0 (1 rounds)
Global dictionary size: 3.6GB (14.2MB per process)
Total buffer size: 1.2GB (4.8MB per process)
Solution found: (f3662fd, d62c4dc) [checked OK]
Average buffer occupancy: 86.78%
Processing time: 1.19s
Communication time: 5.67s
Fill time: 5.50s
Probe time: 1.36s
>>>28,256,0,1.194928884506,5.668722152710,5.498176097870,1.359462022781,86.779661016949
/// end ///
/// results ///
Running with n=25, C0=(24f87e3f, 0f540bf8) and C1=(e61ee75e, 6cc642b7)
Number of processes: 128
Compression level: 0 (1 rounds)
Global dictionary size: 453.0MB (3.5MB per process)
Total buffer size: 77.3MB (604.2KB per process)
Solution found: (ea2686, 1ee6b15) [checked OK]
Average buffer occupancy: 77.14%
Processing time: 0.25s
Communication time: 0.64s
Fill time: 0.55s
Probe time: 0.34s
>>>25,128,0,0.246133804321,0.641730070114,0.548600912094,0.338333129883,77.137476459510
Running with n=26, C0=(4ea5be9b, 45969a88) and C1=(43ecaf99, d2832ca6)
Number of processes: 128
Compression level: 0 (1 rounds)
Global dictionary size: 906.0MB (7.1MB per process)
Total buffer size: 154.7MB (1.2MB per process)
Solution found: (27faf5e, 18cc538) [checked OK]
Average buffer occupancy: 86.78%
Processing time: 0.48s
Communication time: 0.63s
Fill time: 0.59s
Probe time: 0.52s
>>>26,128,0,0.476074457169,0.631400585175,0.588555812836,0.516400098801,86.779661016949
Running with n=27, C0=(a56cf674, 51e42abd) and C1=(db67fe44, cf9e0c42)
Number of processes: 128
Compression level: 0 (1 rounds)
Global dictionary size: 1.8GB (14.2MB per process)
Total buffer size: 309.3MB (2.4MB per process)
Solution found: (5bfe71b, 2245cd7) [checked OK]
Average buffer occupancy: 86.78%
Processing time: 0.90s
Communication time: 0.89s
Fill time: 0.87s
Probe time: 0.91s
>>>27,128,0,0.896382093430,0.889175891876,0.874171018600,0.905502796173,86.779661016949
Running with n=28, C0=(92ef35f6, 57294208) and C1=(7a8a06d1, ba080704)
Number of processes: 128
Compression level: 0 (1 rounds)
Global dictionary size: 3.6GB (28.3MB per process)
Total buffer size: 618.7MB (4.8MB per process)
Solution found: (f3662fd, d62c4dc) [checked OK]
Average buffer occupancy: 86.78%
Processing time: 1.86s
Communication time: 2.03s
Fill time: 2.11s
Probe time: 1.77s
>>>28,128,0,1.862884759903,2.033225297928,2.108520030975,1.774904966354,86.779661016949
Running with n=29, C0=(b641fb0a, 1640fca6) and C1=(75c22b86, d49fefa4)
Number of processes: 128
Compression level: 0 (1 rounds)
Global dictionary size: 7.2GB (56.6MB per process)
Total buffer size: 1.2GB (9.7MB per process)
Solution found: (18dd3985, 1b8de076) [checked OK]
Average buffer occupancy: 86.80%
Processing time: 3.88s
Communication time: 1.96s
Fill time: 2.18s
Probe time: 3.63s
>>>29,128,0,3.879041671753,1.962679147720,2.178957939148,3.634680986404,86.798050434414
Running with n=30, C0=(5bffb86d, a0bca820) and C1=(76126254, 9cc90399)
Number of processes: 128
Compression level: 0 (1 rounds)
Global dictionary size: 14.5GB (113.2MB per process)
Total buffer size: 2.5GB (19.3MB per process)
Solution found: (2b486c95, 2a16ec38) [checked OK]
Average buffer occupancy: 86.80%
Processing time: 7.72s
Communication time: 3.44s
Fill time: 3.82s
Probe time: 7.29s
>>>30,128,0,7.724001646042,3.441861391068,3.823924064636,7.286046028137,86.798050434414
Running with n=31, C0=(2c131145, be3b6f08) and C1=(d9e8817a, 70d706ad)
Number of processes: 128
Compression level: 0 (1 rounds)
Global dictionary size: 29.0GB (226.5MB per process)
Total buffer size: 4.9GB (38.7MB per process)
Solution found: (5c6edcc0, 4a96788f) [checked OK]
Average buffer occupancy: 86.80%
Processing time: 15.64s
Communication time: 6.60s
Fill time: 7.61s
Probe time: 14.51s
>>>31,128,0,15.638484716415,6.602579355240,7.612251996994,14.514101028442,86.802649006623
Running with n=32, C0=(fa21765c, 90cf2e7f) and C1=(d082ce71, 52e6981f)
Number of processes: 128
Compression level: 0 (1 rounds)
Global dictionary size: 58.0GB (453.0MB per process)
Total buffer size: 9.9GB (77.3MB per process)
Solution found: (f6b6aa8f, 62c35b6) [checked OK]
Average buffer occupancy: 86.80%
Processing time: 31.45s
Communication time: 13.11s
Fill time: 15.09s
Probe time: 29.24s
>>>32,128,0,31.448820352554,13.110961675644,15.092273950577,29.235037088394,86.804948475456
Running with n=33, C0=(a6515fb6, 77e8d746) and C1=(12662819, e8e9cb47)
Number of processes: 128
Compression level: 0 (1 rounds)
Global dictionary size: 116.0GB (906.0MB per process)
Total buffer size: 19.8GB (154.6MB per process)
Solution found: (199887836, 1739ea3c9) [checked OK]
Average buffer occupancy: 86.80%
Processing time: 62.95s
Communication time: 25.78s
Fill time: 29.73s
Probe time: 58.54s
>>>33,128,0,62.951841592789,25.777839422226,29.730818986893,58.536829948425,86.804948475456
Running with n=34, C0=(99dfbb5d, bd9d0520) and C1=(9f58ac81, 69dc5636)
Number of processes: 128
Compression level: 0 (1 rounds)
Global dictionary size: 231.9GB (1.8GB per process)
Total buffer size: 39.6GB (309.2MB per process)
Solution found: (394c28f82, e24dc73d) [checked OK]
Average buffer occupancy: 99.21%
Processing time: 121.86s
Communication time: 46.21s
Fill time: 54.33s
Probe time: 112.81s
>>>34,128,0,121.864022016525,46.213335037231,54.331238031387,112.814015865326,99.206312413372
/// end ///
/// results ///
Running with n=33, C0=(a6515fb6, 77e8d746) and C1=(12662819, e8e9cb47)
Number of processes: 128
Compression level: 0 (1 rounds)
Global dictionary size: 116.0GB (906.0MB per process)
Total buffer size: 19.8GB (154.6MB per process)
Solution found: (199887836, 1739ea3c9) [checked OK]
Average buffer occupancy: 86.80%
Processing time: 63.02s
Communication time: 25.56s
Fill time: 29.77s
Probe time: 58.34s
>>>33,128,0,63.018986225128,25.556889772415,29.766155004501,58.337701082230,86.804948475456
Running with n=33, C0=(a6515fb6, 77e8d746) and C1=(12662819, e8e9cb47)
Number of processes: 128
Compression level: 1 (2 rounds)
Global dictionary size: 58.0GB (453.0MB per process)
Total buffer size: 9.9GB (77.3MB per process)
Solution found: (199887836, 1739ea3c9) [checked OK]
Average buffer occupancy: 90.58%
Processing time: 98.68s
Communication time: 31.27s
Fill time: 29.49s
Probe time: 99.99s
>>>33,128,1,98.675066947937,31.270672082901,29.489037036896,99.993285894394,90.579076670041
Running with n=33, C0=(a6515fb6, 77e8d746) and C1=(12662819, e8e9cb47)
Number of processes: 128
Compression level: 2 (4 rounds)
Global dictionary size: 29.0GB (226.5MB per process)
Total buffer size: 4.9GB (38.7MB per process)
Average buffer occupancy: 93.84%
Processing time: 170.09s
Communication time: 39.35s
Fill time: 27.93s
Probe time: 181.05s
Solution found: (199887836, 1739ea3c9) [checked OK]
>>>33,128,2,170.090637445450,39.347225666046,27.932028055191,181.049084186554,93.840701628781
Running with n=33, C0=(a6515fb6, 77e8d746) and C1=(12662819, e8e9cb47)
Number of processes: 128
Compression level: 3 (8 rounds)
Global dictionary size: 14.5GB (113.2MB per process)
Total buffer size: 2.5GB (19.3MB per process)
Solution found: (199887836, 1739ea3c9) [checked OK]
Average buffer occupancy: 94.69%
Processing time: 307.12s
Communication time: 73.02s
Fill time: 27.38s
Probe time: 352.29s
>>>33,128,3,307.115736246109,73.019412755966,27.381032228470,352.293097734451,94.688782292088
Running with n=33, C0=(a6515fb6, 77e8d746) and C1=(12662819, e8e9cb47)
Number of processes: 128
Compression level: 4 (16 rounds)
Global dictionary size: 7.2GB (56.6MB per process)
Total buffer size: 1.2GB (9.7MB per process)
Average buffer occupancy: 95.20%
Processing time: 573.55s
Communication time: 119.29s
Fill time: 27.75s
Probe time: 664.64s
>>>33,128,4,573.550461292267,119.287716627121,27.750946283340,664.644893646240,95.197861766777
Solution found: (199887836, 1739ea3c9) [checked OK]
Running with n=33, C0=(a6515fb6, 77e8d746) and C1=(12662819, e8e9cb47)
Number of processes: 128
Compression level: 5 (32 rounds)
Global dictionary size: 3.6GB (28.3MB per process)
Total buffer size: 618.7MB (4.8MB per process)
Solution found: (199887836, 1739ea3c9) [checked OK]
Average buffer occupancy: 94.28%
Processing time: 1171.57s
Communication time: 160.55s
Fill time: 28.40s
Probe time: 1303.29s
>>>33,128,5,1171.568895816803,160.552914142609,28.401910543442,1303.285957574844,94.279137894957
Running with n=33, C0=(a6515fb6, 77e8d746) and C1=(12662819, e8e9cb47)
Number of processes: 128
Compression level: 6 (64 rounds)
Global dictionary size: 1.8GB (14.2MB per process)
Total buffer size: 309.3MB (2.4MB per process)
Solution found: (199887836, 1739ea3c9) [checked OK]
Average buffer occupancy: 92.28%
Processing time: 2238.04s
Communication time: 472.04s
Fill time: 29.49s
Probe time: 2680.19s
>>>33,128,6,2238.035793542862,472.039428234100,29.485814809799,2680.188015460968,92.281030120273
Running with n=33, C0=(a6515fb6, 77e8d746) and C1=(12662819, e8e9cb47)
Number of processes: 128
Compression level: 7 (128 rounds)
Global dictionary size: 906.0MB (7.1MB per process)
Total buffer size: 154.7MB (1.2MB per process)
Solution found: (199887836, 1739ea3c9) [checked OK]
Average buffer occupancy: 89.47%
Processing time: 5465.13s
Communication time: 1844.89s
Fill time: 44.07s
Probe time: 7265.55s
>>>33,128,7,5465.133539676666,1844.885472297668,44.073986291885,7265.553894042969,89.467143026465
/// end ///
