paradoxe-10.rennes.grid5000.fr
paradoxe-16.rennes.grid5000.fr
paradoxe-17.rennes.grid5000.fr
paradoxe-18.rennes.grid5000.fr
paradoxe-28.rennes.grid5000.fr
paradoxe-13.rennes.grid5000.fr
paradoxe-27.rennes.grid5000.fr
paradoxe-20.rennes.grid5000.fr
paradoxe-2.rennes.grid5000.fr
paradoxe-24.rennes.grid5000.fr
paradoxe-19.rennes.grid5000.fr
paradoxe-22.rennes.grid5000.fr
paradoxe-11.rennes.grid5000.fr
paradoxe-21.rennes.grid5000.fr
paradoxe-12.rennes.grid5000.fr
paradoxe-29.rennes.grid5000.fr
/// new collision search start ///
Running with n=25, C0=(24f87e3f, 0f540bf8) and C1=(e61ee75e, 6cc642b7)
Number of processes: 128
Compression level: 0 (1 rounds)
Global dictionary size: 453.0MB (3.5MB per process)
Total buffer size: 77.3MB (604.2KB per process)
Solution found: (ea2686, 1ee6b15) [checked OK]
Average buffer occupancy: 81.03%
Processing time: 0.21s
Communication time: 30.59s
Fill time: 30.40s
Probe time: 0.40s
>>>25,128,0,0.212288141251,30.586314916611,30.398785114288,0.399817943573,81.030277088656
/// new collision search start ///
Running with n=26, C0=(4ea5be9b, 45969a88) and C1=(43ecaf99, d2832ca6)
Number of processes: 128
Compression level: 0 (1 rounds)
Global dictionary size: 906.0MB (7.1MB per process)
Total buffer size: 154.7MB (1.2MB per process)
Solution found: (27faf5e, 18cc538) [checked OK]
Average buffer occupancy: 87.70%
Processing time: 0.25s
Communication time: 24.93s
Fill time: 24.84s
Probe time: 0.34s
>>>26,128,0,0.245049715042,24.929505109787,24.836102962494,0.338451862335,87.696722860390
/// new collision search start ///
Running with n=27, C0=(a56cf674, 51e42abd) and C1=(db67fe44, cf9e0c42)
Number of processes: 128
Compression level: 0 (1 rounds)
Global dictionary size: 1.8GB (14.2MB per process)
Total buffer size: 309.3MB (2.4MB per process)
Solution found: (5bfe71b, 2245cd7) [checked OK]
Average buffer occupancy: 88.37%
Processing time: 0.33s
Communication time: 28.36s
Fill time: 28.36s
Probe time: 0.33s
>>>27,128,0,0.328904628754,28.360724449158,28.361274003983,0.328354120255,88.370488288774
/// new collision search start ///
Running with n=28, C0=(92ef35f6, 57294208) and C1=(7a8a06d1, ba080704)
Number of processes: 128
Compression level: 0 (1 rounds)
Global dictionary size: 3.6GB (28.3MB per process)
Total buffer size: 618.7MB (4.8MB per process)
Solution found: (f3662fd, d62c4dc) [checked OK]
Average buffer occupancy: 90.48%
Processing time: 1.22s
Communication time: 29.16s
Fill time: 29.14s
Probe time: 1.23s
>>>28,128,0,1.218942403793,29.158029556274,29.143577098846,1.233394861221,90.483312919315
/// new collision search start ///
Running with n=29, C0=(b641fb0a, 1640fca6) and C1=(75c22b86, d49fefa4)
Number of processes: 128
Compression level: 0 (1 rounds)
Global dictionary size: 7.2GB (56.6MB per process)
Total buffer size: 1.2GB (9.7MB per process)
Solution found: (18dd3985, 1b8de076) [checked OK]
Average buffer occupancy: 91.21%
Processing time: 2.85s
Communication time: 29.53s
Fill time: 29.51s
Probe time: 2.87s
>>>29,128,0,2.847862958908,29.531565904617,29.510012865067,2.869415998459,91.206470987188
/// new collision search start ///
Running with n=30, C0=(5bffb86d, a0bca820) and C1=(76126254, 9cc90399)
Number of processes: 128
Compression level: 0 (1 rounds)
Global dictionary size: 14.5GB (113.2MB per process)
Total buffer size: 2.5GB (19.3MB per process)
Solution found: (2b486c95, 2a16ec38) [checked OK]
Average buffer occupancy: 90.85%
Processing time: 4.33s
Communication time: 30.41s
Fill time: 30.79s
Probe time: 3.95s
>>>30,128,0,4.329815626144,30.412041425705,30.790982007980,3.950874090195,90.854346064081
/// new collision search start ///
Running with n=31, C0=(2c131145, be3b6f08) and C1=(d9e8817a, 70d706ad)
Number of processes: 128
Compression level: 0 (1 rounds)
Global dictionary size: 29.0GB (226.5MB per process)
Total buffer size: 4.9GB (38.7MB per process)
Solution found: (5c6edcc0, 4a96788f) [checked OK]
Average buffer occupancy: 91.15%
Processing time: 8.69s
Communication time: 24.56s
Fill time: 25.53s
Probe time: 7.72s
>>>31,128,0,8.690597057343,24.559479951859,25.534311056137,7.715764999390,91.154077683234
/// new collision search start ///
Running with n=32, C0=(fa21765c, 90cf2e7f) and C1=(d082ce71, 52e6981f)
Number of processes: 128
Compression level: 0 (1 rounds)
Global dictionary size: 58.0GB (453.0MB per process)
Total buffer size: 9.9GB (77.3MB per process)
Solution found: (f6b6aa8f, 62c35b6) [checked OK]
Average buffer occupancy: 88.12%
Processing time: 6.68s
Communication time: 35.16s
Fill time: 38.65s
Probe time: 3.20s
>>>32,128,0,6.683401584625,35.164504289627,38.650109052658,3.197795867920,88.123800905420
/// new collision search start ///
Running with n=33, C0=(a6515fb6, 77e8d746) and C1=(12662819, e8e9cb47)
Number of processes: 128
Compression level: 0 (1 rounds)
Global dictionary size: 116.0GB (906.0MB per process)
Total buffer size: 19.8GB (154.6MB per process)
Solution found: (199887836, 1739ea3c9) [checked OK]
Average buffer occupancy: 92.06%
Processing time: 36.49s
Communication time: 31.53s
Fill time: 36.54s
Probe time: 31.49s
>>>33,128,0,36.493467330933,31.534895658493,36.539399862289,31.488963127136,92.058222087676
/// new collision search start ///
Running with n=34, C0=(99dfbb5d, bd9d0520) and C1=(9f58ac81, 69dc5636)
Number of processes: 128
Compression level: 0 (1 rounds)
Global dictionary size: 231.9GB (1.8GB per process)
Total buffer size: 39.6GB (309.2MB per process)
Solution found: (394c28f82, e24dc73d) [checked OK]
Average buffer occupancy: 99.23%
Processing time: 35.68s
Communication time: 45.18s
Fill time: 59.11s
Probe time: 21.75s
>>>34,128,0,35.680448532104,45.182950496674,59.114500999451,21.748896837234,99.233869362454
/// new collision search start ///
Running with n=35, C0=(1cf56829, f40a51c5) and C1=(7662b9cf, 70a8219d)
Number of processes: 128
Compression level: 0 (1 rounds)
Global dictionary size: 463.9GB (3.6GB per process)
Total buffer size: 79.2GB (618.5MB per process)
Solution found: (10526d7d6, 668757cda) [checked OK]
Average buffer occupancy: 99.35%
Processing time: 142.86s
Communication time: 68.54s
Fill time: 89.41s
Probe time: 121.99s
>>>35,128,0,142.859272003174,68.537161111832,89.407474994659,121.988958120346,99.353450005215
/// new collision search start ///
Running with n=36, C0=(30b21e54, e9e004ca) and C1=(b07c9343, 039d690b)
Number of processes: 128
Compression level: 0 (1 rounds)
Global dictionary size: 927.7GB (7.2GB per process)
Total buffer size: 158.3GB (1.2GB per process)
Solution found: (3b643d6cd, b98ff8488) [checked OK]
Average buffer occupancy: 99.42%
Processing time: 289.14s
Communication time: 103.56s
Fill time: 146.17s
Probe time: 246.53s
>>>36,128,0,289.139404535294,103.561082363129,146.173316001892,246.527169942856,99.417413790065
/// new collision search start ///
Running with n=37, C0=(47b6bc59, 101632cd) and C1=(5e2095c6, 6123734c)
Number of processes: 128
Compression level: 0 (1 rounds)
Global dictionary size: 1.9TB (14.5GB per process)
Total buffer size: 316.7GB (2.5GB per process)
Solution found: (1d6cc2b682, 22e0a9a2f) [checked OK]
Average buffer occupancy: 99.28%
Processing time: 216.99s
Communication time: 139.03s
Fill time: 263.70s
Probe time: 92.32s
>>>37,128,0,216.991925001144,139.033294200897,263.704269170761,92.320947885513,99.276210131592
/// new collision search start ///
Running with n=38, C0=(e16ac64a, 34758c6d) and C1=(3bfef3c7, d6010449)
Number of processes: 128
Compression level: 0 (1 rounds)
Global dictionary size: 3.7TB (29.0GB per process)
Total buffer size: 633.3GB (4.9GB per process)
Solution found: (272abfbb80, 1f5ac1df01) [checked OK]
Average buffer occupancy: 99.43%
Processing time: 902.64s
Communication time: 367.63s
Fill time: 546.08s
Probe time: 724.19s
>>>38,128,0,902.639753580093,367.632823228836,546.083810806274,724.188763856888,99.433644164467
/// new collision search start ///
Running with n=39, C0=(2d1c3022, 83b63c76) and C1=(c8a433ce, 5d54033d)
Number of processes: 128
Compression level: 1 (2 rounds)
Global dictionary size: 3.7TB (29.0GB per process)
Total buffer size: 633.3GB (4.9GB per process)
Solution found: (475395a5a1, 3c84e20c9c) [checked OK]
Average buffer occupancy: 99.33%
Processing time: 3279.64s
Communication time: 808.63s
Fill time: 1006.96s
Probe time: 3077.68s
>>>39,128,1,3279.640380382538,808.634239673615,1006.958357095718,3077.675216913223,99.331446537228
/// new collision search start ///
Running with n=40, C0=(aab2a0b9, c63b1d35) and C1=(5531a5d1, af3ebce6)
Number of processes: 128
Compression level: 2 (4 rounds)
Global dictionary size: 3.7TB (29.0GB per process)
Total buffer size: 633.3GB (4.9GB per process)
Solution found: (94f05a1c13, 59ddbb310f) [checked OK]
Average buffer occupancy: 99.26%
Processing time: 11997.76s
Communication time: 2281.76s
Fill time: 1940.84s
Probe time: 12327.79s
>>>40,128,2,11997.758192539215,2281.761317253113,1940.843936681747,12327.792398691177,99.257770504678
/// new collision search start ///
Running with n=41, C0=(967e127d, d415e83a) and C1=(d303d8dc, da97e1a1)
Number of processes: 128
Compression level: 3 (8 rounds)
Global dictionary size: 3.7TB (29.0GB per process)
Total buffer size: 633.3GB (4.9GB per process)
Solution found: (101ffa5a298, 22770e2f75) [checked OK]
Average buffer occupancy: 99.43%
Processing time: 698.13s
Communication time: 312.08s
Fill time: 489.50s
Probe time: 520.70s
>>>41,128,3,698.125525951385,312.076869010925,489.503530025482,520.698863983154,99.434195606288
/// new collision search start ///
Running with n=42, C0=(5e176c6c, 38d7050f) and C1=(e87c6458, a88919c2)
Number of processes: 128
Compression level: 4 (16 rounds)
Global dictionary size: 3.7TB (29.0GB per process)
Total buffer size: 633.3GB (4.9GB per process)
